1595752974045	mozrunner::runner	INFO	Running command: "C:\\Program Files\\Mozilla Firefox\\firefox.exe" "-marionette" "-foreground" "-no-remote" "-profile" "C:\\Users\\madhan\\AppData\\Local\\Temp\\rust_mozprofilelnq8LI"
JavaScript error: resource://gre/modules/XULStore.jsm, line 66: Error: Can't find profile directory.
1595753006546	Marionette	INFO	Listening on port 58579
1595753006819	Marionette	WARN	TLS certificate errors will be ignored for this session
JavaScript warning: https://static.127777.com/mnbldr/?b=jd_rwd/public/minjs&g=cmnjs,usrjs,tranlatejs,rsljs&ver_=47.80, line 220: unreachable code after return statement
console.error: "Store does not have a valid reducer. Make sure the argument passed to combineReducers is an object whose values are reducers."
JavaScript warning: https://static.127777.com/mnbldr/?b=jd_rwd/public/minjs&g=cmnjs,usrjs,tranlatejs,rsljs&ver_=47.80, line 220: unreachable code after return statement
1595753104248	Marionette	INFO	Stopped listening on port 58579

###!!! [Child][RunMessage] Error: Channel closing: too late to send/recv, messages will be lost


###!!! [Child][MessageChannel::SendAndWait] Error: Channel error: cannot send/recv

1595753109373	mozrunner::runner	INFO	Running command: "C:\\Program Files\\Mozilla Firefox\\firefox.exe" "-marionette" "-foreground" "-no-remote" "-profile" "C:\\Users\\madhan\\AppData\\Local\\Temp\\rust_mozprofileOq6Rg4"
JavaScript error: resource://gre/modules/XULStore.jsm, line 66: Error: Can't find profile directory.
1595753114650	Marionette	INFO	Listening on port 58735
1595753114681	Marionette	WARN	TLS certificate errors will be ignored for this session
JavaScript warning: https://static.127777.com/mnbldr/?b=jd_rwd/public/minjs&g=cmnjs,usrjs,tranlatejs,rsljs&ver_=47.80, line 220: unreachable code after return statement
JavaScript error: resource://gre/modules/UpdateTimerManager.jsm, line 352: TypeError: setting getter-only property "gLogEnabled"
JavaScript error: resource://gre/modules/ModulesPing.jsm, line 70: NS_ERROR_XPC_JAVASCRIPT_ERROR_WITH_DETAILS: [JavaScript Error: "setting getter-only property "gLogEnabled"" {file: "resource://gre/modules/UpdateTimerManager.jsm" line: 352}]'[JavaScript Error: "setting getter-only property "gLogEnabled"" {file: "resource://gre/moduleJavaScript warning: https://static.127777.com/mnbldr/?b=jd_rwd/public/minjs&g=cmnjs,usrjs,tranlatejs,rsljs&ver_=47.80, line 220: unreachable code after return statement
1595753281692	Marionette	INFO	Stopped listening on port 58830

###!!! [Child][RunMessage] Error: Channel closing: too late to send/recv, messages will be lost


###!!! [Child][MessageChannel::SendAndWait] Error: Channel error: cannot send/recv

es\\Mozilla Firefox\\firefox.exe" "-marionette" "-foreground" "-no-remote" "-profile" "C:\\Users\\madhan\\AppData\\Local\\Temp\\rust_mozprofilelMAx0F"
JavaScript error: resource://gre/modules/XULStore.jsm, line 66: Error: Can't find profile directory.
1595753285593	Marionette	INFO	Listening on port 58955
1595753285911	Marionette	WARN	TLS certificate errors will be ignored for this session
JavaScript warning: https://static.127777.com/mnbldr/?b=jd_rwd/public/minjs&g=cmnjs,usrjs,tranlatejs,rsljs&ver_=47.80, line 220: unreachable code after return statement
1595753328028	Marionette	INFO	Stopped listening on port 58955

###!!! [Child][RunMessage] Error: Channel closing: too late to send/recv, messages will be lost


###!!! [Child][MessageChannel::SendAndWait] Error: Channel error: cannot send/recv

1595753331910	mozrunner::runner	INFO	Running command: "C:\\Program Files\\Mozilla Firefox\\firefox.exe" "-marionette" "-foreground" "-no-remote" "-profile" "C:\\Users\\madhan\\AppData\\Local\\Temp\\rust_mozprofileNUD2Wn"
JavaScript error: resource://gre/modules/XULStore.jsm, line 66: Error: Can't find profile directory.
1595753335748	Marionette	INFO	Listening on port 59021
1595753336080	Marionette	WARN	TLS certificate errors will be ignored for this session
JavaScript warning: https://static.127777.com/mnbldr/?b=jd_rwd/public/minjs&g=cmnjs,usrjs,tranlatejs,rsljs&ver_=47.80, line 220: unreachable code after return statement
1595753376040	Marionette	INFO	Stopped listening on port 59021

###!!! [Child][RunMessage] Error: Channel closing: too late to send/recv, messages will be lost


###!!! [Child][MessageChannel::SendAndWait] Error: Channel error: cannot send/recv

e/modules/XULStore.jsm, line 66: Error: Can't find profile directory.
1595753374645	Marionette	INFO	Listening on port 59090
1595753374941	Marionette	WARN	TLS certificate errors will be ignored for this session
JavaScript warning: https://static.127777.com/mnbldr/?b=jd_rwd/public/minjs&g=cmnjs,usrjs,tranlatejs,rsljs&ver_=47.80, line 220: unreachable code after return statement
1595753415677	Marionette	INFO	Stopped listening on port 59090

###!!! [Child][RunMessage] Error: Channel closing: too late to send/recv, messages will be lost


###!!! [Child][MessageChannel::SendAndWait] Error: Channel error: cannot send/recv

e/modules/XULStore.jsm, line 66: Error: Can't find profile directory.
1595753413103	Marionette	INFO	Listening on port 59155
1595753413213	Marionette	WARN	TLS certificate errors will be ignored for this session
JavaScript warning: https://static.127777.com/mnbldr/?b=jd_rwd/public/minjs&g=cmnjs,usrjs,tranlatejs,rsljs&ver_=47.80, line 220: unreachable code after return statement
1595754452483	Marionette	INFO	Stopped listening on port 59155

###!!! [Child][RunMessage] Error: Channel closing: too late to send/recv, messages will be lost


###!!! [Child][MessageChannel::SendAndWait] Error: Channel error: cannot send/recv

1595754457977	mozrunner::runner	INFO	Running command: "C:\\Program Files\\Mozilla Firefox\\firefox.exe" "-marionette" "-foreground" "-no-remote" "-profile" "C:\\Users\\madhan\\AppData\\Local\\Temp\\rust_mozprofile74EwDV"
JavaScript error: resource://gre/modules/XULStore.jsm, line 66: Error: Can't find profile directory.
1595754461474	Marionette	INFO	Listening on port 59263
1595754461632	Marionette	WARN	TLS certificate errors will be ignored for this session
JavaScript warning: https://static.127777.com/mnbldr/?b=jd_rwd/public/minjs&g=cmnjs,usrjs,tranlatejs,rsljs&ver_=47.80, line 220: unreachable code after return statement
1595754501616	Marionette	INFO	Stopped listening on port 59263

###!!! [Child][RunMessage] Error: Channel closing: too late to send/recv, messages will be lost


###!!! [Child][MessageChannel::SendAndWait] Error: Channel error: cannot send/recv

1595754506758	mozrunner::runner	INFO	Running command: "C:\\Program Files\\Mozilla Firefox\\firefox.exe" "-marionette" "-foreground" "-no-remote" "-profile" "C:\\Users\\madhan\\AppData\\Local\\Temp\\rust_mozprofilel6Bkce"
JavaScript error: resource://gre/modules/XULStore.jsm, line 66: Error: Can't find profile directory.
1595754510620	Marionette	INFO	Listening on port 59355
1595754510897	Marionette	WARN	TLS certificate errors will be ignored for this session
JavaScript warning: https://static.127777.com/mnbldr/?b=jd_rwd/public/minjs&g=cmnjs,usrjs,tranlatejs,rsljs&ver_=47.80, line 220: unreachable code after return statement
1595754770576	Marionette	INFO	Stopped listening on port 59355

###!!! [Child][RunMessage] Error: Channel closing: too late to send/recv, messages will be lost


###!!! [Child][MessageChannel::SendAndWait] Error: Channel error: cannot send/recv

1595754775955	mozrunner::runner	INFO	Running command: "C:\\Program Files\\Mozilla Firefox\\firefox.exe" "-marionette" "-foreground" "-no-remote" "-profile" "C:\\Users\\madhan\\AppData\\Local\\Temp\\rust_mozprofile2gAiz5"
JavaScript error: resource://gre/modules/XULStore.jsm, line 66: Error: Can't find profile directory.
1595754779737	Marionette	INFO	Listening on port 59473
1595754780109	Marionette	WARN	TLS certificate errors will be ignored for this session
JavaScript warning: https://static.127777.com/mnbldr/?b=jd_rwd/public/minjs&g=cmnjs,usrjs,tranlatejs,rsljs&ver_=47.80, line 220: unreachable code after return statement
1595754900254	Marionette	INFO	Stopped listening on port 59473

###!!! [Child][RunMessage] Error: Channel closing: too late to send/recv, messages will be lost


###!!! [Child][MessageChannel::SendAndWait] Error: Channel error: cannot send/recv

1595754905042	mozrunner::runner	INFO	Running command: "C:\\Program Files\\Mozilla Firefox\\firefox.exe" "-marionette" "-foreground" "-no-remote" "-profile" "C:\\Users\\madhan\\AppData\\Local\\Temp\\rust_mozprofileX4tdX7"
JavaScript error: resource://gre/modules/XULStore.jsm, line 66: Error: Can't find profile directory.
1595754908810	Marionette	INFO	Listening on port 59554
1595754910563	Marionette	WARN	TLS certificate errors will be ignored for this session
JavaScript warning: https://static.127777.com/mnbldr/?b=jd_rwd/public/minjs&g=cmnjs,usrjs,tranlatejs,rsljs&ver_=47.80, line 220: unreachable code after return statement
1595755041689	Marionette	INFO	Stopped listening on port 59554

###!!! [Child][RunMessage] Error: Channel closing: too late to send/recv, messages will be lost


###!!! [Child][MessageChannel::SendAndWait] Error: Channel error: cannot send/recv

e/modules/XULStore.jsm, line 66: Error: Can't find profile directory.
1595755044019	Marionette	INFO	Listening on port 59665
1595755044352	Marionette	WARN	TLS certificate errors will be ignored for this session
JavaScript warning: https://static.127777.com/mnbldr/?b=jd_rwd/public/minjs&g=cmnjs,usrjs,tranlatejs,rsljs&ver_=47.80, line 220: unreachable code after return statement
1595755102897	Marionette	INFO	Stopped listening on port 59665

###!!! [Child][MessageChannel::SendAndWait] Error: Channel error: cannot send/recv

1595755106931	mozrunner::runner	INFO	Running command: "C:\\Program Files\\Mozilla Firefox\\firefox.exe" "-marionette" "-foreground" "-no-remote" "-profile" "C:\\Users\\madhan\\AppData\\Local\\Temp\\rust_mozprofileJGXDBR"
JavaScript error: resource://gre/modules/XULStore.jsm, line 66: Error: Can't find profile directory.
1595755115067	Marionette	INFO	Listening on port 59883
1595755115332	Marionette	WARN	TLS certificate errors will be ignored for this session
JavaScript warning: https://static.127777.com/mnbldr/?b=jd_rwd/public/minjs&g=cmnjs,usrjs,tranlatejs,rsljs&ver_=47.80, line 220: unreachable code after return statement
console.error: "Store does not have a valid reducer. Make sure the argument passed to combineReducers is an object whose values are reducers."
JavaScript warning: https://static.127777.com/mnbldr/?b=jd_rwd/public/minjs&g=cmnjs,usrjs,tranlatejs,rsljs&ver_=47.80, line 220: unreachable code after return statement
1595755294441	Marionette	INFO	Stopped listening on port 59883

###!!! [Child][RunMessage] Error: Channel closing: too late to send/recv, messages will be lost


###!!! [Child][MessageChannel::SendAndWait] Error: Channel error: cannot send/recv

1595755299721	mozrunner::runner	INFO	Running command: "C:\\Program Files\\Mozilla Firefox\\firefox.exe" "-marionette" "-foreground" "-no-remote" "-profile" "C:\\Users\\madhan\\AppData\\Local\\Temp\\rust_mozprofileCpDZT0"
JavaScript error: resource://gre/modules/XULStore.jsm, line 66: Error: Can't find profile directory.
1595755310022	Marionette	INFO	Listening on port 60028
1595755310233	Marionette	WARN	TLS certificate errors will be ignored for this session
JavaScript warning: https://static.127777.com/mnbldr/?b=jd_rwd/public/minjs&g=cmnjs,usrjs,tranlatejs,rsljs&ver_=47.80, line 220: unreachable code after return statement
console.error: "Store does not have a valid reducer. Make sure the argument passed to combineReducers is an object whose values are reducers."
JavaScript warning: https://static.127777.com/mnbldr/?b=jd_rwd/public/minjs&g=cmnjs,usrjs,tranlatejs,rsljs&ver_=47.80, line 220: unreachable code after return statement
1595755614540	Marionette	INFO	Stopped listening on port 60028

###!!! [Child][RunMessage] Error: Channel closing: too late to send/recv, messages will be lost


###!!! [Child][MessageChannel::SendAndWait] Error: Channel error: cannot send/recv

1595755619990	mozrunner::runner	INFO	Running command: "C:\\Program Files\\Mozilla Firefox\\firefox.exe" "-marionette" "-foreground" "-no-remote" "-profile" "C:\\Users\\madhan\\AppData\\Local\\Temp\\rust_mozprofile3gmlRu"
JavaScript error: resource://gre/modules/XULStore.jsm, line 66: Error: Can't find profile directory.
1595755627573	Marionette	INFO	Listening on port 60286
1595755627899	Marionette	WARN	TLS certificate errors will be ignored for this session
JavaScript warning: https://static.127777.com/mnbldr/?b=jd_rwd/public/minjs&g=cmnjs,usrjs,tranlatejs,rsljs&ver_=47.80, line 220: unreachable code after return statement
console.error: "Store does not have a valid reducer. Make sure the argument passed to combineReducers is an object whose values are reducers."
JavaScript warning: https://static.127777.com/mnbldr/?b=jd_rwd/public/minjs&g=cmnjs,usrjs,tranlatejs,rsljs&ver_=47.80, line 220: unreachable code after return statement
1595755842960	Marionette	INFO	Stopped listening on port 60286

###!!! [Child][RunMessage] Error: Channel closing: too late to send/recv, messages will be lost


###!!! [Child][MessageChannel::SendAndWait] Error: ChanJavaScript error: resource://gre/modules/XULStore.jsm, line 66: Error: Can't find profile directory.
1595755847819	Marionette	INFO	Listening on port 60366
1595755848004	Marionette	WARN	TLS certificate errors will be ignored for this session
JavaScript warning: https://static.127777.com/mnbldr/?b=jd_rwd/public/minjs&g=cmnjs,usrjs,tranlatejs,rsljs&ver_=47.80, line 220: unreachable code after return statement
console.error: "Store does not have a valid reducer. Make sure the argument passed to combineReducers is an object whose values are reducers."
JavaScript warning: https://static.127777.com/mnbldr/?b=jd_rwd/public/minjs&g=cmnjs,usrjs,tranlatejs,rsljs&ver_=47.80, line 220: unreachable code after return statement
JavaScript warning: https://static.127777.com/mnbldr/?b=jd_rwd/public/minjs&g=cmnjs,usrjs,fltjs,tranlatejs,dtljs&ver_=47.80, line 220: unreachable code after return statement
JavaScript warning: https://static.127777.com/mnbldr/?b=jd_rwd/public/minjs&g=cmnjs,usrjs,tranlatejs,rsljs&ver_=47.80, line 220: unreachable code after return statement
JavaScript warning: https://static.127777.com/mnbldr/?b=jd_rwd/public/minjs&g=cmnjs,usrjs,fltjs,tranlatejs,dtljs&ver_=47.80, line 220: unreachable code after return statement
JavaScript warning: https://static.127777.com/mnbldr/?b=jd_rwd/public/minjs&g=cmnjs,usrjs,tranlatejs,rsljs&ver_=47.80, line 220: unreachable code after return statement
[Parent 13492, Gecko_IOThread] WARNING: file /builds/worker/checkouts/gecko/ipc/chromium/src/base/process_util_win.cc, line 166
1595756616415	Marionette	INFO	Stopped listening on port 60366

###!!! [Child][RunMessage] Error: Channel closing: too late to send/recv, messages will be lost


###!!! [Child][MessageChannel::SendAndWait] Error: Channel error: cannot send/recv

1595756620633	mozrunner::runner	INFO	Running command: "C:\\Program Files\\Mozilla Firefox\\firefox.exe" "-marionette" "-foreground" "-no-remote" "-profile" "C:\\Users\\madhan\\AppData\\Local\\Temp\\rust_mozprofilezXZmqy"
JavaScript error: resource://gre/modules/XULStore.jsm, line 66: Error: Can't find profile directory.
1595756625211	Marionette	INFO	Listening on port 60560
1595756625453	Marionette	WARN	TLS certificate errors will be ignored for this session
JavaScript warning: https://static.127777.com/mnbldr/?b=jd_rwd/public/minjs&g=cmnjs,usrjs,tranlatejs,rsljs&ver_=47.80, line 220: unreachable code after return statement
1595756894418	mozrunner::runner	INFO	Running command: "C:\\Program Files\\Mozilla Firefox\\firefox.exe" "-marionette" "-foreground" "-no-remote" "-profile" "C:\\Users\\madhan\\AppData\\Local\\Temp\\rust_mozprofilefCiHMw"
JavaScript error: resource://gre/modules/XULStore.jsm, line 66: Error: Can't find profile directory.
console.error: "Could not write session state file " (new Error("_initWorker called too early! Please read the session file from disk first.", "resource:///modules/sessionstore/SessionFile.jsm", 375)) "_initWorker/<@resource:///modules/sessionstore/SessionFile.jsm:375:15\n_initWorker@resource:///modules/sessionstore/SessionFile.jsm:368:12\n_postToWorker@resource:///modules/sessionstore/SessionFile.jsm:410:16\nwrite@resource:///modules/sessionstore/SessionFile.jsm:448:24\nwrite@resource:///modules/sessionstore/SessionFile.jsm:75:32\n_writeState@resource:///modules/sessionstore/SessionSaver.jsm:360:24\n_saveState@resource:///modules/sessionstore/SessionSaver.jsm:294:17\n_saveStateAsync@resource:///modules/sessionstore/SessionSaver.jsm:344:10\nsaveStateAsyncWhenIdle@resource:///modules/sessionstore/SessionSaver.jsm:191:14\ncallback@resource://gre/modules/Timer.jsm:127:16\n"
1595756910490	Marionette	INFO	Listening on port 60652
1595756910841	Marionette	WARN	TLS certificate errors will be ignored for this session
JavaScript error: https://www.justdial.com/Delhi/House-On-Rent/nct-10192844, line 1: ReferenceError: showhidemoreadd is not defined
JavaScript error: https://www.justdial.com/Delhi/House-On-Rent/nct-10192844, line 1: ReferenceError: showhidemoreadd is not defined
JavaScript warning: https://static.127777.com/mnbldr/?b=jd_rwd/public/minjs&g=cmnjs,usrjs,tranlatejs,rsljs&ver_=47.80, line 220: unreachable code after return statement
console.error: "Store does not have a valid reducer. Make sure the argument passed to combineReducers is an object whose values are reducers."
JavaScript warning: https://static.127777.com/mnbldr/?b=jd_rwd/public/minjs&g=cmnjs,usrjs,tranlatejs,rsljs&ver_=47.80, line 220: unreachable code after return statement
1595757334204	Marionette	INFO	Stopped listening on port 60652

###!!! [Child][RunMessage] Error: Channel closing: too late to send/recv, messages will be lost


###!!! [Child][MessageChannel::SendAndWait] Error: Channel error: cannot send/recv

1595757339633	mozrunner::runner	INFO	Running command: "C:\\Program Files\\Mozilla Firefox\\firefox.exe" "-marionette" "-foreground" "-no-remote" "-profile" "C:\\Users\\madhan\\AppData\\Local\\Temp\\rust_mozprofileoPxish"
JavaScript error: resource://gre/modules/XULStore.jsm, line 66: Error: Can't find profile directory.
1595757345440	Marionette	INFO	Listening on port 60851
1595757345930	Marionette	WARN	TLS certificate errors will be ignored for this session
JavaScript warning: https://static.127777.com/mnbldr/?b=jd_rwd/public/minjs&g=cmnjs,usrjs,tranlatejs,rsljs&ver_=47.80, line 220: unreachable code after return statement
console.error: (new Error("SessionFile is closed", "resource:///modules/sessionstore/SessionFile.jsm", 433))
1595757434795	Marionette	INFO	Stopped listening on port 60851

###!!! [Child][MessageChannel::SendAndWait] Error: Channel error: cannot send/recv

/XULStore.jsm, line 66: Error: Can't find profile directory.
console.error: "Could not write session state file " (new Error("_initWorker called too early! Please read the session file from disk first.", "resource:///modules/sessionstore/SessionFile.jsm", 375)) "_initWorker/<@resource:///modules/sessionstore/SessionFile.jsm:375:15\n_initWorker@resource:///modules/sessionstore/SessionFile.jsm:368:12\n_postToWorker@resource:///modules/sessionstore/SessionFile.jsm:410:16\nwrite@resource:///modules/sessionstore/SessionFile.jsm:448:24\nwrite@resource:///modules/sessionstore/SessionFile.jsm:75:32\n_writeState@resource:///modules/sessionstore/SessionSaver.jsm:360:24\n_saveState@resource:///modules/sessionstore/SessionSaver.jsm:294:17\n_saveStateAsync@resource:///modules/sessionstore/SessionSaver.jsm:344:10\nsaveStateAsyncWhenIdle@resource:///modules/sessionstore/SessionSaver.jsm:191:14\ncallback@resource://gre/modules/Timer.jsm:127:16\n"
1595757436399	Marionette	INFO	Listening on port 60927
1595757436565	Marionette	WARN	TLS certificate errors will be ignored for this session
JavaScript warning: https://static.127777.com/mnbldr/?b=jd_rwd/public/minjs&g=cmnjs,usrjs,tranlatejs,rsljs&ver_=47.80, line 220: unreachable code after return statement
1595757623931	mozrunner::runner	INFO	Running command: "C:\\Program Files\\Mozilla Firefox\\firefox.exe" "-marionette" "-foreground" "-no-remote" "-profile" "C:\\Users\\madhan\\AppData\\Local\\Temp\\rust_mozprofileiPcOxb"
JavaScript error: resource://gre/modules/XULStore.jsm, line 66: Error: Can't find profile directory.
1595757627274	Marionette	INFO	Listening on port 61118
1595757627561	Marionette	WARN	TLS certificate errors will be ignored for this session
JavaScript warning: https://static.127777.com/mnbldr/?b=jd_rwd/public/minjs&g=cmnjs,usrjs,tranlatejs,rsljs&ver_=47.80, line 220: unreachable code after return statement
1595757709733	Marionette	INFO	Stopped listening on port 61118

###!!! [Child][MessageChannel::SendAndWait] Error: Channel error: cannot send/recv

1595757717118	mozrunner::runner	INFO	Running command: "C:\\Program Files\\Mozilla Firefox\\firefox.exe" "-marionette" "-foreground" "-no-remote" "-profile" "C:\\Users\\madhan\\AppData\\Local\\Temp\\rust_mozprofileJHjGie"
JavaScript error: resource://gre/modules/XULStore.jsm, line 66: Error: Can't find profile directory.
1595757720496	Marionette	INFO	Listening on port 61194
1595757720763	Marionette	WARN	TLS certificate errors will be ignored for this session
JavaScript warning: https://static.127777.com/mnbldr/?b=jd_rwd/public/minjs&g=cmnjs,usrjs,tranlatejs,rsljs&ver_=47.80, line 220: unreachable code after return statement
1595757776977	Marionette	INFO	Stopped listening on port 61194

###!!! [Child][RunMessage] Error: Channel closing: too late to send/recv, messages will be lost


###!!! [Child][MessageChannel::SendAndWait] Error: Channel error: cannot send/recv

1595758030046	mozrunner::runner	INFO	Running command: "C:\\Program Files\\Mozilla Firefox\\firefox.exe" "-marionette" "-foreground" "-no-remote" "-profile" "C:\\Users\\madhan\\AppData\\Local\\Temp\\rust_mozprofileer2GUs"
JavaScript error: resource://gre/modules/XULStore.jsm, line 66: Error: Can't find profile directory.
1595758033311	Marionette	INFO	Listening on port 61298
1595758033728	Marionette	WARN	TLS certificate errors will be ignored for this session
JavaScript warning: https://static.127777.com/mnbldr/?b=jd_rwd/public/minjs&g=cmnjs,usrjs,tranlatejs,rsljs&ver_=47.80, line 220: unreachable code after return statement
console.error: "Store does not have a valid reducer. Make sure the argument passed to combineReducers is an object whose values are reducers."
JavaScript warning: https://static.127777.com/mnbldr/?b=jd_rwd/public/minjs&g=cmnjs,usrjs,tranlatejs,rsljs&ver_=47.80, line 220: unreachable code after return statement
1595758352282	mozrunner::runner	INFO	Running command: "C:\\Program Files\\Mozilla Firefox\\firefox.exe" "-marionette" "-foreground" "-no-remote" "-profile" "C:\\Use
###!!! [Child][MessageChannel::SendAndWait] Error: ChanJavaScript error: resource://gre/modules/XULStore.jsm, line 66: Error: Can't find profile directory.
1595758356403	Marionette	INFO	Listening on port 61460
1595758356510	Marionette	WARN	TLS certificate errors will be ignored for this session
JavaScript warning: https://static.127777.com/mnbldr/?b=jd_rwd/public/minjs&g=cmnjs,usrjs,tranlatejs,rsljs&ver_=47.80, line 220: unreachable code after return statement
1595758632795	mozrunner::runner	INFO	Running command: "C:\\Program Files\\Mozilla Firefox\\firefox.exe" "-marionette" "-foreground" "-no-remote" "-profile" "C:\\Users\\madhan\\AppData\\Local\\Temp\\rust_mozprofilelKw2US"
JavaScript error: resource://gre/modules/XULStore.jsm, line 66: Error: Can't find profile directory.
console.error: "Could not write session state file " (new Error("_initWorker called too early! Please read the session file from disk first.", "resource:///modules/sessionstore/SessionFile.jsm", 375)) "_initWorker/<@resource:///modules/sessionstore/SessionFile.jsm:375:15\n_initWorker@resource:///modules/sessionstore/SessionFile.jsm:368:12\n_postToWorker@resource:///modules/sessionstore/SessionFile.jsm:410:16\nwrite@resource:///modules/sessionstore/SessionFile.jsm:448:24\nwrite@resource:///modules/sessionstore/SessionFile.jsm:75:32\n_writeState@resource:///modules/sessionstore/SessionSaver.jsm:360:24\n_saveState@resource:///modules/sessionstore/SessionSaver.jsm:294:17\n_saveStateAsync@resource:///modules/sessionstore/SessionSaver.jsm:344:10\nsaveStateAsyncWhenIdle@resource:///modules/sessionstore/SessionSaver.jsm:191:14\ncallback@resource://gre/modules/Timer.jsm:127:16\n"
1595758648775	Marionette	INFO	Listening on port 61638
1595758650000	Marionette	WARN	TLS certificate errors will be ignored for this session
JavaScript warning: https://static.127777.com/mnbldr/?b=jd_rwd/public/minjs&g=cmnjs,usrjs,tranlatejs,rsljs&ver_=47.80, line 220: unreachable code after return statement
1595759016673	mozrunner::runner	INFO	Running command: "C:\\Program Files\\Mozilla Firefox\\firefox.exe" "-marionette" "-foreground" "-no-remote" "-profile" "C:\\Users\\madhan\\AppData\\Local\\Temp\\rust_mozprofileIgzWTv"
JavaScript error: resource://gre/modules/XULStore.jsm, line 66: Error: Can't find profile directory.
1595759020549	Marionette	INFO	Listening on port 62085
1595759020799	Marionette	WARN	TLS certificate errors will be ignored for this session
JavaScript warning: https://static.127777.com/mnbldr/?b=jd_rwd/public/minjs&g=cmnjs,usrjs,tranlatejs,rsljs&ver_=47.80, line 220: unreachable code after return statement
1595759382738	Marionette	INFO	Stopped listening on port 62085

###!!! [Child][MessageChannel::SendAndWait] Error: Channel error: cannot send/recv

1595759387471	mozrunner::runner	INFO	Running command: "C:\\Program Files\\Mozilla Firefox\\firefox.exe" "-marionette" "-foreground" "-no-remote" "-profile" "C:\\Users\\madhan\\AppData\\Local\\Temp\\rust_mozprofile0DNaAy"
JavaScript error: resource://gre/modules/XULStore.jsm, line 66: Error: Can't find profile directory.
1595759392366	Marionette	INFO	Listening on port 62305
1595759392691	Marionette	WARN	TLS certificate errors will be ignored for this session
JavaScript warning: https://static.127777.com/mnbldr/?b=jd_rwd/public/minjs&g=cmnjs,usrjs,tranlatejs,rsljs&ver_=47.80, line 220: unreachable code after return statement
1595759581985	mozrunner::runner	INFO	Running command: "C:\\Program Files\\Mozilla Firefox\\firefox.exe" "-marionette" "-foreground" "-no-remote" "-profile" "C:\\Users\\madhan\\AppData\\Local\\Temp\\rust_mozprofileQ4RNPy"
JavaScript error: resource://gre/modules/XULStore.jsm, line 66: Error: Can't find profile directory.
1595759584765	Marionette	INFO	Listening on port 62386
1595759585100	Marionette	WARN	TLS certificate errors will be ignored for this session
JavaScript warning: https://static.127777.com/mnbldr/?b=jd_rwd/public/minjs&g=cmnjs,usrjs,tranlatejs,rsljs&ver_=47.80, line 220: unreachable code after return statement
1595759748844	mozrunner::runner	INFO	Running command: "C:\\Program Files\\Mozilla Firefox\\firefox.exe" "-marionette" "-foreground" "-no-remote" "-profile" "C:\\Users\\madhan\\AppData\\Local\\Temp\\rust_mozprofileuMMOZs"
JavaScript error: resource://gre/modules/XULStore.jsm, line 66: Error: Can't find profile directory.
1595759754080	Marionette	INFO	Listening on port 62462
1595759754565	Marionette	WARN	TLS certificate errors will be ignored for this session
JavaScript warning: https://static.127777.com/mnbldr/?b=jd_rwd/public/minjs&g=cmnjs,usrjs,tranlatejs,rsljs&ver_=47.80, line 220: unreachable code after return statement
1595760029305	Marionette	INFO	Stopped listening on port 62462

###!!! [Child][RunMessage] Error: Channel closing: too late to send/recv, messages will be lost


###!!! [Child][MessageChannel::SendAndWait] Error: Channel error: cannot send/recv

1595760072551	mozrunner::runner	INFO	Running command: "C:\\Program Files\\Mozilla Firefox\\firefox.exe" "-marionette" "-foreground" "-no-remote" "-profile" "C:\\Users\\madhan\\AppData\\Local\\Temp\\rust_mozprofileLV2zHC"
JavaScript error: resource://gre/modules/XULStore.jsm, line 66: Error: Can't find profile directory.
console.error: "Could not write session state file " (new Error("_initWorker called too early! Please read the session file from disk first.", "resource:///modules/sessionstore/SessionFile.jsm", 375)) "_initWorker/<@resource:///modules/sessionstore/SessionFile.jsm:375:15\n_initWorker@resource:///modules/sessionstore/SessionFile.jsm:368:12\n_postToWorker@resource:///modules/sessionstore/SessionFile.jsm:410:16\nwrite@resource:///modules/sessionstore/SessionFile.jsm:448:24\nwrite@resource:///modules/sessionstore/SessionFile.jsm:75:32\n_writeState@resource:///modules/sessionstore/SessionSaver.jsm:360:24\n_saveState@resource:///modules/sessionstore/SessionSaver.jsm:294:17\n_saveStateAsync@resource:///modules/sessionstore/SessionSaver.jsm:344:10\nsaveStateAsyncWhenIdle@resource:///modules/sessionstore/SessionSaver.jsm:191:14\ncallback@resource://gre/modules/Timer.jsm:127:16\n"
1595760088588	Marionette	INFO	Listening on port 62699
1595760088801	Marionette	WARN	TLS certificate errors will be ignored for this session
JavaScript warning: https://static.127777.com/mnbldr/?b=jd_rwd/public/minjs&g=cmnjs,usrjs,tranlatejs,rsljs&ver_=47.80, line 220: unreachable code after return statement
JavaScript error: resource://gre/modules/IndexedDB.jsm, line 370: UnknownError: IDBDatabase.transaction: Can't start IndexedDB transaction during shutdown
1595760370630	Marionette	INFO	Stopped listening on port 62699

JavaScript error: resource://gre/modules/XULStore.jsm, line 66: Error: Can't find profile directory.
1595760373558	Marionette	INFO	Listening on port 62952
1595760373801	Marionette	WARN	TLS certificate errors will be ignored for this session
1595760444743	Marionette	INFO	Stopped listening on port 62952

###!!! [Child][RunMessage] Error: Channel closing: too late to send/recv, messages will be lost


###!!! [Child][MessageChannel::SendAndWait] Error: Channel error: cannot send/recv

1595760451031	mozrunner::runner	INFO	Running command: "C:\\Program Files\\Mozilla Firefox\\firefox.exe" "-marionette" "-foreground" "-no-remote" "-profile" "C:\\Users\\madhan\\AppData\\Local\\Temp\\rust_mozprofileSeXTD5"
JavaScript error: resource://gre/modules/XULStore.jsm, line 66: Error: Can't find profile directory.
1595760454084	Marionette	INFO	Listening on port 63012
1595760454144	Marionette	WARN	TLS certificate errors will be ignored for this session
JavaScript warning: https://static.127777.com/mnbldr/?b=jd_rwd/public/minjs&g=cmnjs,usrjs,tranlatejs,rsljs&ver_=47.80, line 220: unreachable code after return statement
[Parent 18188, Gecko_IOThread] WARNING: file /builds/worker/checkouts/gecko/ipc/chromium/src/base/process_util_win.cc, line 166
1595760667859	Marionette	INFO	Stopped listening on port 63012

###!!! [Child][MessageChannel::SendAndWait] Error: Channel error: cannot send/recv

1595760716951	mozrunner::runner	INFO	Running command: "C:\\Program Files\\Mozilla Firefox\\firefox.exe" "-marionette" "-foreground" "-no-remote" "-profile" "C:\\Users\\madhan\\AppData\\Local\\Temp\\rust_mozprofileBk804N"
JavaScript error: resource://gre/modules/XULStore.jsm, line 66: Error: Can't find profile directory.
1595760721124	Marionette	INFO	Listening on port 63141
1595760721224	Marionette	WARN	TLS certificate errors will be ignored for this session
JavaScript warning: https://static.127777.com/mnbldr/?b=jd_rwd/public/minjs&g=cmnjs,usrjs,tranlatejs,rsljs&ver_=47.80, line 220: unreachable code after return statement
[Child 19476, Chrome_ChildThread] WARNING: pipe error: 232: file /builds/worker/checkouts/gecko/ipc/chromium/src/chrome/common/ipc_channel_win.cc, line 522

###!!! [Child][RunMessage] Error: Channel error: cannot send/recv


###!!! [Child][RunMessage] Error: Channel error: cannot send/recv


###!!! [Child][RunMessage] Error: Channel error: cannot send/recv


###!!! [Child][RunMessage] Error: Channel error: cannot send/recv


###!!! [Child][RunMessage] Error: Channel error: cannot send/recv

1595760810885	Marionette	INFO	Stopped listening on port 63141

###!!! [Child][MessageChannel::SendAndWait] Error: Channel error: cannot send/recv

1595760816082	mozrunner::runner	INFO	Running command: "C:\\Program Files\\Mozilla Firefox\\firefox.exe" "-marionette" "-foreground" "-no-remote" "-profile" "C:\\Users\\madhan\\AppData\\Local\\Temp\\rust_mozprofiledyy6j0"
JavaScript error: resource://gre/modules/XULStore.jsm, line 66: Error: Can't find profile directory.
1595760821510	Marionette	INFO	Listening on port 63261
1595760821825	Marionette	WARN	TLS certificate errors will be ignored for this session
JavaScript warning: https://static.127777.com/mnbldr/?b=jd_rwd/public/minjs&g=cmnjs,usrjs,tranlatejs,rsljs&ver_=47.80, line 220: unreachable code after return statement
1595761617416	mozrunner::runner	INFO	Running command: "C:\\Program Files\\Mozilla Firefox\\firefox.exe" "-marionette" "-foreground" "-no-remote" "-profile" "C:\\Users\\madhan\\AppData\\Local\\Temp\\rust_mozprofilegWzCNQ"
JavaScript error: resource://gre/modules/XULStore.jsm, line 66: Error: Can't find profile directory.
1595761623584	Marionette	INFO	Listening on port 63700
1595761623678	Marionette	WARN	TLS certificate errors will be ignored for this session
JavaScript warning: https://static.127777.com/mnbldr/?b=jd_rwd/public/minjs&g=cmnjs,usrjs,tranlatejs,rsljs&ver_=47.80, line 220: unreachable code after return statement
1595761812968	Marionette	INFO	Stopped listening on port 63700

###!!! [Child][RunMessage] Error: Channel closing: too late to send/recv, messages will be lost


###!!! [Child][MessageChannel::SendAndWait] Error: Channel error: cannot send/recv

1595761840025	mozrunner::runner	INFO	Running command: "C:\\Program Files\\Mozilla Firefox\\firefox.exe" "-marionette" "-foreground" "-no-remote" "-profile" "C:\\Users\\madhan\\AppData\\Local\\Temp\\rust_mozprofileYE931h"
JavaScript error: resource://gre/modules/XULStore.jsm, line 66: Error: Can't find profile directory.
1595761842972	Marionette	INFO	Listening on port 63876
1595761843138	Marionette	WARN	TLS certificate errors will be ignored for this session
JavaScript warning: https://static.127777.com/mnbldr/?b=jd_rwd/public/minjs&g=cmnjs,usrjs,tranlatejs,rsljs&ver_=47.80, line 220: unreachable code after return statement
